#
# There is insufficient memory for the Java Runtime Environment to continue.
# Native memory allocation (malloc) failed to allocate 1164656 bytes for Chunk::new
# Possible reasons:
#   The system is out of physical RAM or swap space
#   The process is running with CompressedOops enabled, and the Java Heap may be blocking the growth of the native heap
# Possible solutions:
#   Reduce memory load on the system
#   Increase physical memory or swap space
#   Check if swap backing store is full
#   Decrease Java heap size (-Xmx/-Xms)
#   Decrease number of Java threads
#   Decrease Java thread stack sizes (-Xss)
#   Set larger code cache with -XX:ReservedCodeCacheSize=
#   JVM is running with Unscaled Compressed Oops mode in which the Java heap is
#     placed in the first 4GB address space. The Java Heap base address is the
#     maximum limit for the native heap growth. Please use -XX:HeapBaseMinAddress
#     to set the Java Heap base and to place the Java Heap above 4GB virtual address.
# This output file may be truncated or incomplete.
#
#  Out of Memory Error (./src/hotspot/share/memory/arena.cpp:197), pid=5292, tid=5300
#
# JRE version: OpenJDK Runtime Environment (11.0.10) (build 11.0.10+0-b96-7249189)
# Java VM: OpenJDK 64-Bit Server VM (11.0.10+0-b96-7249189, mixed mode, tiered, compressed oops, g1 gc, windows-amd64)
# No core dump will be written. Minidumps are not enabled by default on client versions of Windows
#

---------------  S U M M A R Y ------------

Command Line: --add-opens=java.base/java.util=ALL-UNNAMED --add-opens=java.base/java.lang=ALL-UNNAMED --add-opens=java.base/java.lang.invoke=ALL-UNNAMED --add-opens=java.base/java.util=ALL-UNNAMED --add-opens=java.prefs/java.util.prefs=ALL-UNNAMED --add-opens=java.prefs/java.util.prefs=ALL-UNNAMED --add-opens=java.base/java.nio.charset=ALL-UNNAMED --add-opens=java.base/java.net=ALL-UNNAMED --add-opens=java.base/java.util.concurrent.atomic=ALL-UNNAMED -Xmx2048m -Dfile.encoding=UTF-8 -Duser.country=RU -Duser.language=ru -Duser.variant org.gradle.launcher.daemon.bootstrap.GradleDaemon 7.0.2

Host: AMD Ryzen 5 3500U with Radeon Vega Mobile Gfx  , 8 cores, 6G,  Windows 10 , 64 bit Build 19041 (10.0.19041.1151)
Time: Thu Sep 16 18:03:12 2021 Томск (зима) elapsed time: 9.535543 seconds (0d 0h 0m 9s)

---------------  T H R E A D  ---------------

Current thread (0x00000222fce97000):  JavaThread "C2 CompilerThread1" daemon [_thread_in_native, id=5300, stack(0x000000df53500000,0x000000df53600000)]


Current CompileTask:
C2:   9535 3684       4       org.codehaus.groovy.runtime.metaclass.MetaMethodIndex::isMatchingMethod (61 bytes)

Stack: [0x000000df53500000,0x000000df53600000]
Native frames: (J=compiled Java code, j=interpreted, Vv=VM code, C=native code)
V  [jvm.dll+0x5ecfaa]
V  [jvm.dll+0x722bd5]
V  [jvm.dll+0x72412d]
V  [jvm.dll+0x7247e3]
V  [jvm.dll+0x242928]
V  [jvm.dll+0xbc4fc]
V  [jvm.dll+0xbca0c]
V  [jvm.dll+0x352d3b]
V  [jvm.dll+0x320ad3]
V  [jvm.dll+0x31ffca]
V  [jvm.dll+0x1fb602]
V  [jvm.dll+0x1fa7f4]
V  [jvm.dll+0x18354c]
V  [jvm.dll+0x208ee7]
V  [jvm.dll+0x207731]
V  [jvm.dll+0x6eb1cf]
V  [jvm.dll+0x6e3d45]
V  [jvm.dll+0x5ebe96]
C  [ucrtbase.dll+0x21bb2]
C  [KERNEL32.DLL+0x17034]
C  [ntdll.dll+0x52651]


---------------  P R O C E S S  ---------------

Threads class SMR info:
_java_thread_list=0x00000222fe16db40, length=36, elements={
0x00000222ee842800, 0x00000222f9c9a800, 0x00000222f9ca6000, 0x00000222f9cbc000,
0x00000222f9cbc800, 0x00000222f9cbd800, 0x00000222f9cce000, 0x00000222f9ccf000,
0x00000222f9ce3000, 0x00000222fa79d000, 0x00000222fc0c9800, 0x00000222fb805800,
0x00000222fc934800, 0x00000222fba92000, 0x00000222fbccd800, 0x00000222fcb19800,
0x00000222fcfad000, 0x00000222fba67800, 0x00000222fd2d1800, 0x00000222fbc7b000,
0x00000222fbc7d000, 0x00000222fbc7a800, 0x00000222fbc7c000, 0x00000222fce97000,
0x00000222fa703800, 0x00000222fa6fe800, 0x00000222fa702000, 0x00000222fa702800,
0x00000222fa704800, 0x00000222fa6ff800, 0x00000222fa705000, 0x00000222fa700000,
0x00000222fa706800, 0x00000222fa701000, 0x00000222fa70c800, 0x00000222fa70b000
}

Java Threads: ( => current thread )
  0x00000222ee842800 JavaThread "main" [_thread_blocked, id=20080, stack(0x000000df50f00000,0x000000df51000000)]
  0x00000222f9c9a800 JavaThread "Reference Handler" daemon [_thread_blocked, id=16100, stack(0x000000df51600000,0x000000df51700000)]
  0x00000222f9ca6000 JavaThread "Finalizer" daemon [_thread_blocked, id=19188, stack(0x000000df51700000,0x000000df51800000)]
  0x00000222f9cbc000 JavaThread "Signal Dispatcher" daemon [_thread_blocked, id=8924, stack(0x000000df51800000,0x000000df51900000)]
  0x00000222f9cbc800 JavaThread "Attach Listener" daemon [_thread_blocked, id=17588, stack(0x000000df51900000,0x000000df51a00000)]
  0x00000222f9cbd800 JavaThread "Service Thread" daemon [_thread_blocked, id=7244, stack(0x000000df51a00000,0x000000df51b00000)]
  0x00000222f9cce000 JavaThread "C2 CompilerThread0" daemon [_thread_blocked, id=17772, stack(0x000000df51b00000,0x000000df51c00000)]
  0x00000222f9ccf000 JavaThread "C1 CompilerThread0" daemon [_thread_blocked, id=19776, stack(0x000000df51c00000,0x000000df51d00000)]
  0x00000222f9ce3000 JavaThread "Sweeper thread" daemon [_thread_blocked, id=15488, stack(0x000000df51d00000,0x000000df51e00000)]
  0x00000222fa79d000 JavaThread "Common-Cleaner" daemon [_thread_blocked, id=16056, stack(0x000000df51e00000,0x000000df51f00000)]
  0x00000222fc0c9800 JavaThread "Daemon health stats" [_thread_blocked, id=6316, stack(0x000000df52200000,0x000000df52300000)]
  0x00000222fb805800 JavaThread "Incoming local TCP Connector on port 61156" [_thread_in_native, id=19464, stack(0x000000df52100000,0x000000df52200000)]
  0x00000222fc934800 JavaThread "Daemon periodic checks" [_thread_blocked, id=7248, stack(0x000000df52300000,0x000000df52400000)]
  0x00000222fba92000 JavaThread "Daemon" [_thread_blocked, id=14572, stack(0x000000df52400000,0x000000df52500000)]
  0x00000222fbccd800 JavaThread "Handler for socket connection from /127.0.0.1:61156 to /127.0.0.1:61157" [_thread_in_native, id=19884, stack(0x000000df52500000,0x000000df52600000)]
  0x00000222fcb19800 JavaThread "Cancel handler" [_thread_blocked, id=17152, stack(0x000000df52600000,0x000000df52700000)]
  0x00000222fcfad000 JavaThread "Daemon worker" [_thread_in_vm, id=16084, stack(0x000000df52700000,0x000000df52800000)]
  0x00000222fba67800 JavaThread "Asynchronous log dispatcher for DefaultDaemonConnection: socket connection from /127.0.0.1:61156 to /127.0.0.1:61157" [_thread_blocked, id=18136, stack(0x000000df52800000,0x000000df52900000)]
  0x00000222fd2d1800 JavaThread "Stdin handler" [_thread_blocked, id=19052, stack(0x000000df52900000,0x000000df52a00000)]
  0x00000222fbc7b000 JavaThread "Daemon client event forwarder" [_thread_blocked, id=13016, stack(0x000000df52a00000,0x000000df52b00000)]
  0x00000222fbc7d000 JavaThread "Cache worker for file hash cache (C:\Users\ntart\.gradle\caches\7.0.2\fileHashes)" [_thread_blocked, id=19896, stack(0x000000df53100000,0x000000df53200000)]
  0x00000222fbc7a800 JavaThread "File lock request listener" [_thread_in_native, id=12900, stack(0x000000df53200000,0x000000df53300000)]
  0x00000222fbc7c000 JavaThread "Cache worker for journal cache (C:\Users\ntart\.gradle\caches\journal-1)" [_thread_blocked, id=15176, stack(0x000000df53400000,0x000000df53500000)]
=>0x00000222fce97000 JavaThread "C2 CompilerThread1" daemon [_thread_in_native, id=5300, stack(0x000000df53500000,0x000000df53600000)]
  0x00000222fa703800 JavaThread "Cache worker for file hash cache (D:\Users\ntart\AndroidStudioProjects\Attributes\.gradle\7.0.2\fileHashes)" [_thread_blocked, id=13584, stack(0x000000df53600000,0x000000df53700000)]
  0x00000222fa6fe800 JavaThread "File watcher server" daemon [_thread_in_native, id=2520, stack(0x000000df53700000,0x000000df53800000)]
  0x00000222fa702000 JavaThread "File watcher consumer" daemon [_thread_blocked, id=8740, stack(0x000000df53800000,0x000000df53900000)]
  0x00000222fa702800 JavaThread "Cache worker for checksums cache (D:\Users\ntart\AndroidStudioProjects\Attributes\.gradle\checksums)" [_thread_blocked, id=18680, stack(0x000000df53900000,0x000000df53a00000)]
  0x00000222fa704800 JavaThread "Cache worker for cache directory md-supplier (C:\Users\ntart\.gradle\caches\7.0.2\md-supplier)" [_thread_blocked, id=20428, stack(0x000000df53a00000,0x000000df53b00000)]
  0x00000222fa6ff800 JavaThread "Cache worker for cache directory md-rule (C:\Users\ntart\.gradle\caches\7.0.2\md-rule)" [_thread_blocked, id=19760, stack(0x000000df53b00000,0x000000df53c00000)]
  0x00000222fa705000 JavaThread "Cache worker for execution history cache (C:\Users\ntart\.gradle\caches\7.0.2\executionHistory)" [_thread_blocked, id=14964, stack(0x000000df53c00000,0x000000df53d00000)]
  0x00000222fa700000 JavaThread "jar transforms" [_thread_blocked, id=17168, stack(0x000000df53d00000,0x000000df53e00000)]
  0x00000222fa706800 JavaThread "jar transforms Thread 2" [_thread_blocked, id=19528, stack(0x000000df53e00000,0x000000df53f00000)]
  0x00000222fa701000 JavaThread "Cache worker for file content cache (C:\Users\ntart\.gradle\caches\7.0.2\fileContent)" [_thread_blocked, id=19344, stack(0x000000df53f00000,0x000000df54000000)]
  0x00000222fa70c800 JavaThread "Cache worker for dependencies-accessors (D:\Users\ntart\AndroidStudioProjects\Attributes\.gradle\7.0.2\dependencies-accessors)" [_thread_blocked, id=9044, stack(0x000000df54000000,0x000000df54100000)]
  0x00000222fa70b000 JavaThread "jar transforms Thread 3" [_thread_blocked, id=12256, stack(0x000000df54100000,0x000000df54200000)]

Other Threads:
  0x00000222f9c96800 VMThread "VM Thread" [stack: 0x000000df51500000,0x000000df51600000] [id=2480]
  0x00000222fa7f8000 WatcherThread [stack: 0x000000df51f00000,0x000000df52000000] [id=19180]
  0x00000222ec72e000 GCTaskThread "GC Thread#0" [stack: 0x000000df51000000,0x000000df51100000] [id=9272]
  0x00000222fb297800 GCTaskThread "GC Thread#1" [stack: 0x000000df52000000,0x000000df52100000] [id=19216]
  0x00000222fc7fe800 GCTaskThread "GC Thread#2" [stack: 0x000000df52b00000,0x000000df52c00000] [id=4320]
  0x00000222fd2ab800 GCTaskThread "GC Thread#3" [stack: 0x000000df52c00000,0x000000df52d00000] [id=18848]
  0x00000222fd2ae000 GCTaskThread "GC Thread#4" [stack: 0x000000df52d00000,0x000000df52e00000] [id=19604]
  0x00000222fc7fb800 GCTaskThread "GC Thread#5" [stack: 0x000000df52e00000,0x000000df52f00000] [id=13664]
  0x00000222fc8d7800 GCTaskThread "GC Thread#6" [stack: 0x000000df52f00000,0x000000df53000000] [id=9468]
  0x00000222fc8de000 GCTaskThread "GC Thread#7" [stack: 0x000000df53000000,0x000000df53100000] [id=3448]
  0x00000222ee888000 ConcurrentGCThread "G1 Main Marker" [stack: 0x000000df51100000,0x000000df51200000] [id=20068]
  0x00000222ee889800 ConcurrentGCThread "G1 Conc#0" [stack: 0x000000df51200000,0x000000df51300000] [id=12276]
  0x00000222fc8dc800 ConcurrentGCThread "G1 Conc#1" [stack: 0x000000df53300000,0x000000df53400000] [id=18796]
  0x00000222ee916800 ConcurrentGCThread "G1 Refine#0" [stack: 0x000000df51300000,0x000000df51400000] [id=17276]
  0x00000222ee917800 ConcurrentGCThread "G1 Young RemSet Sampling" [stack: 0x000000df51400000,0x000000df51500000] [id=10692]

Threads with active compile tasks:
C2 CompilerThread1   9564 3684       4       org.codehaus.groovy.runtime.metaclass.MetaMethodIndex::isMatchingMethod (61 bytes)

VM state:not at safepoint (normal execution)

VM Mutex/Monitor currently owned by a thread: None

Heap address: 0x0000000080000000, size: 2048 MB, Compressed Oops mode: 32-bit
Narrow klass base: 0x0000000000000000, Narrow klass shift: 3
Compressed class space size: 1073741824 Address: 0x0000000100000000

Heap:
 garbage-first heap   total 114688K, used 35213K [0x0000000080000000, 0x0000000100000000)
  region size 1024K, 11 young (11264K), 3 survivors (3072K)
 Metaspace       used 43160K, capacity 44192K, committed 44288K, reserved 1087488K
  class space    used 5495K, capacity 5825K, committed 5888K, reserved 1048576K
Heap Regions: E=young(eden), S=young(survivor), O=old, HS=humongous(starts), HC=humongous(continues), CS=collection set, F=free, A=archive, TAMS=top-at-mark-start (previous, next)
|   0|0x0000000080000000, 0x0000000080100000, 0x0000000080100000|100%| O|  |TAMS 0x0000000080100000, 0x0000000080000000| Untracked 
|   1|0x0000000080100000, 0x0000000080200000, 0x0000000080200000|100%| O|  |TAMS 0x0000000080200000, 0x0000000080100000| Untracked 
|   2|0x0000000080200000, 0x0000000080300000, 0x0000000080300000|100%| O|  |TAMS 0x0000000080300000, 0x0000000080200000| Untracked 
|   3|0x0000000080300000, 0x0000000080400000, 0x0000000080400000|100%|HS|  |TAMS 0x0000000080400000, 0x0000000080300000| Complete 
|   4|0x0000000080400000, 0x0000000080500000, 0x0000000080500000|100%|HC|  |TAMS 0x0000000080500000, 0x0000000080400000| Complete 
|   5|0x0000000080500000, 0x0000000080600000, 0x0000000080600000|100%|HC|  |TAMS 0x0000000080600000, 0x0000000080500000| Complete 
|   6|0x0000000080600000, 0x0000000080700000, 0x0000000080700000|100%| O|  |TAMS 0x0000000080700000, 0x0000000080600000| Untracked 
|   7|0x0000000080700000, 0x0000000080800000, 0x0000000080800000|100%| O|  |TAMS 0x0000000080800000, 0x0000000080700000| Untracked 
|   8|0x0000000080800000, 0x0000000080900000, 0x0000000080900000|100%| O|  |TAMS 0x0000000080900000, 0x0000000080800000| Untracked 
|   9|0x0000000080900000, 0x0000000080a00000, 0x0000000080a00000|100%| O|  |TAMS 0x0000000080a00000, 0x0000000080900000| Untracked 
|  10|0x0000000080a00000, 0x0000000080b00000, 0x0000000080b00000|100%| O|  |TAMS 0x0000000080b00000, 0x0000000080a00000| Untracked 
|  11|0x0000000080b00000, 0x0000000080c00000, 0x0000000080c00000|100%| O|  |TAMS 0x0000000080c00000, 0x0000000080b00000| Untracked 
|  12|0x0000000080c00000, 0x0000000080d00000, 0x0000000080d00000|100%| O|  |TAMS 0x0000000080d00000, 0x0000000080c00000| Untracked 
|  13|0x0000000080d00000, 0x0000000080e00000, 0x0000000080e00000|100%| O|  |TAMS 0x0000000080e00000, 0x0000000080d00000| Untracked 
|  14|0x0000000080e00000, 0x0000000080f00000, 0x0000000080f00000|100%| O|  |TAMS 0x0000000080f00000, 0x0000000080e00000| Untracked 
|  15|0x0000000080f00000, 0x0000000081000000, 0x0000000081000000|100%| O|  |TAMS 0x0000000081000000, 0x0000000080f00000| Untracked 
|  16|0x0000000081000000, 0x0000000081100000, 0x0000000081100000|100%| O|  |TAMS 0x0000000081045a00, 0x0000000081000000| Untracked 
|  17|0x0000000081100000, 0x0000000081100000, 0x0000000081200000|  0%| F|  |TAMS 0x0000000081100000, 0x0000000081100000| Untracked 
|  18|0x0000000081200000, 0x0000000081300000, 0x0000000081300000|100%| O|  |TAMS 0x0000000081200000, 0x0000000081200000| Untracked 
|  19|0x0000000081300000, 0x0000000081400000, 0x0000000081400000|100%| O|  |TAMS 0x0000000081300000, 0x0000000081300000| Untracked 
|  20|0x0000000081400000, 0x0000000081500000, 0x0000000081500000|100%| O|  |TAMS 0x0000000081400000, 0x0000000081400000| Untracked 
|  21|0x0000000081500000, 0x0000000081600000, 0x0000000081600000|100%| O|  |TAMS 0x0000000081500000, 0x0000000081500000| Untracked 
|  22|0x0000000081600000, 0x0000000081700000, 0x0000000081700000|100%| O|  |TAMS 0x0000000081600000, 0x0000000081600000| Untracked 
|  23|0x0000000081700000, 0x0000000081800000, 0x0000000081800000|100%| O|  |TAMS 0x0000000081700000, 0x0000000081700000| Untracked 
|  24|0x0000000081800000, 0x0000000081900000, 0x0000000081900000|100%| O|  |TAMS 0x0000000081800000, 0x0000000081800000| Untracked 
|  25|0x0000000081900000, 0x0000000081a00000, 0x0000000081a00000|100%| O|  |TAMS 0x0000000081900000, 0x0000000081900000| Untracked 
|  26|0x0000000081a00000, 0x0000000081a00000, 0x0000000081b00000|  0%| F|  |TAMS 0x0000000081a00000, 0x0000000081a00000| Untracked 
|  27|0x0000000081b00000, 0x0000000081b00000, 0x0000000081c00000|  0%| F|  |TAMS 0x0000000081b00000, 0x0000000081b00000| Untracked 
|  28|0x0000000081c00000, 0x0000000081c00000, 0x0000000081d00000|  0%| F|  |TAMS 0x0000000081c00000, 0x0000000081c00000| Untracked 
|  29|0x0000000081d00000, 0x0000000081d00000, 0x0000000081e00000|  0%| F|  |TAMS 0x0000000081d00000, 0x0000000081d00000| Untracked 
|  30|0x0000000081e00000, 0x0000000081e00000, 0x0000000081f00000|  0%| F|  |TAMS 0x0000000081e00000, 0x0000000081e00000| Untracked 
|  31|0x0000000081f00000, 0x0000000081f00000, 0x0000000082000000|  0%| F|  |TAMS 0x0000000081f00000, 0x0000000081f00000| Untracked 
|  32|0x0000000082000000, 0x0000000082000000, 0x0000000082100000|  0%| F|  |TAMS 0x0000000082000000, 0x0000000082000000| Untracked 
|  33|0x0000000082100000, 0x0000000082100000, 0x0000000082200000|  0%| F|  |TAMS 0x0000000082100000, 0x0000000082100000| Untracked 
|  34|0x0000000082200000, 0x0000000082200000, 0x0000000082300000|  0%| F|  |TAMS 0x0000000082200000, 0x0000000082200000| Untracked 
|  35|0x0000000082300000, 0x0000000082300000, 0x0000000082400000|  0%| F|  |TAMS 0x0000000082300000, 0x0000000082300000| Untracked 
|  36|0x0000000082400000, 0x0000000082400000, 0x0000000082500000|  0%| F|  |TAMS 0x0000000082400000, 0x0000000082400000| Untracked 
|  37|0x0000000082500000, 0x0000000082500000, 0x0000000082600000|  0%| F|  |TAMS 0x0000000082500000, 0x0000000082500000| Untracked 
|  38|0x0000000082600000, 0x0000000082600000, 0x0000000082700000|  0%| F|  |TAMS 0x0000000082600000, 0x0000000082600000| Untracked 
|  39|0x0000000082700000, 0x0000000082700000, 0x0000000082800000|  0%| F|  |TAMS 0x0000000082700000, 0x0000000082700000| Untracked 
|  40|0x0000000082800000, 0x0000000082800000, 0x0000000082900000|  0%| F|  |TAMS 0x0000000082800000, 0x0000000082800000| Untracked 
|  41|0x0000000082900000, 0x0000000082900000, 0x0000000082a00000|  0%| F|  |TAMS 0x0000000082900000, 0x0000000082900000| Untracked 
|  42|0x0000000082a00000, 0x0000000082a00000, 0x0000000082b00000|  0%| F|  |TAMS 0x0000000082a00000, 0x0000000082a00000| Untracked 
|  43|0x0000000082b00000, 0x0000000082b00000, 0x0000000082c00000|  0%| F|  |TAMS 0x0000000082b00000, 0x0000000082b00000| Untracked 
|  44|0x0000000082c00000, 0x0000000082c00000, 0x0000000082d00000|  0%| F|  |TAMS 0x0000000082c00000, 0x0000000082c00000| Untracked 
|  45|0x0000000082d00000, 0x0000000082d00000, 0x0000000082e00000|  0%| F|  |TAMS 0x0000000082d00000, 0x0000000082d00000| Untracked 
|  46|0x0000000082e00000, 0x0000000082e00000, 0x0000000082f00000|  0%| F|  |TAMS 0x0000000082e00000, 0x0000000082e00000| Untracked 
|  47|0x0000000082f00000, 0x0000000082f00000, 0x0000000083000000|  0%| F|  |TAMS 0x0000000082f00000, 0x0000000082f00000| Untracked 
|  48|0x0000000083000000, 0x0000000083000000, 0x0000000083100000|  0%| F|  |TAMS 0x0000000083000000, 0x0000000083000000| Untracked 
|  49|0x0000000083100000, 0x0000000083100000, 0x0000000083200000|  0%| F|  |TAMS 0x0000000083100000, 0x0000000083100000| Untracked 
|  50|0x0000000083200000, 0x0000000083200000, 0x0000000083300000|  0%| F|  |TAMS 0x0000000083200000, 0x0000000083200000| Untracked 
|  51|0x0000000083300000, 0x0000000083300000, 0x0000000083400000|  0%| F|  |TAMS 0x0000000083300000, 0x0000000083300000| Untracked 
|  52|0x0000000083400000, 0x0000000083400000, 0x0000000083500000|  0%| F|  |TAMS 0x0000000083400000, 0x0000000083400000| Untracked 
|  53|0x0000000083500000, 0x0000000083500000, 0x0000000083600000|  0%| F|  |TAMS 0x0000000083500000, 0x0000000083500000| Untracked 
|  54|0x0000000083600000, 0x0000000083600000, 0x0000000083700000|  0%| F|  |TAMS 0x0000000083600000, 0x0000000083600000| Untracked 
|  55|0x0000000083700000, 0x0000000083700000, 0x0000000083800000|  0%| F|  |TAMS 0x0000000083700000, 0x0000000083700000| Untracked 
|  56|0x0000000083800000, 0x0000000083800000, 0x0000000083900000|  0%| F|  |TAMS 0x0000000083800000, 0x0000000083800000| Untracked 
|  57|0x0000000083900000, 0x0000000083900000, 0x0000000083a00000|  0%| F|  |TAMS 0x0000000083900000, 0x0000000083900000| Untracked 
|  58|0x0000000083a00000, 0x0000000083a00000, 0x0000000083b00000|  0%| F|  |TAMS 0x0000000083a00000, 0x0000000083a00000| Untracked 
|  59|0x0000000083b00000, 0x0000000083b00000, 0x0000000083c00000|  0%| F|  |TAMS 0x0000000083b00000, 0x0000000083b00000| Untracked 
|  60|0x0000000083c00000, 0x0000000083c00000, 0x0000000083d00000|  0%| F|  |TAMS 0x0000000083c00000, 0x0000000083c00000| Untracked 
|  61|0x0000000083d00000, 0x0000000083d00000, 0x0000000083e00000|  0%| F|  |TAMS 0x0000000083d00000, 0x0000000083d00000| Untracked 
|  62|0x0000000083e00000, 0x0000000083e00000, 0x0000000083f00000|  0%| F|  |TAMS 0x0000000083e00000, 0x0000000083e00000| Untracked 
|  63|0x0000000083f00000, 0x0000000083f00000, 0x0000000084000000|  0%| F|  |TAMS 0x0000000083f00000, 0x0000000083f00000| Untracked 
|  64|0x0000000084000000, 0x0000000084000000, 0x0000000084100000|  0%| F|  |TAMS 0x0000000084000000, 0x0000000084000000| Untracked 
|  65|0x0000000084100000, 0x0000000084163738, 0x0000000084200000| 38%| S|CS|TAMS 0x0000000084100000, 0x0000000084100000| Complete 
|  66|0x0000000084200000, 0x0000000084300000, 0x0000000084300000|100%| S|CS|TAMS 0x0000000084200000, 0x0000000084200000| Complete 
|  67|0x0000000084300000, 0x0000000084400000, 0x0000000084400000|100%| S|CS|TAMS 0x0000000084300000, 0x0000000084300000| Complete 
|  68|0x0000000084400000, 0x0000000084400000, 0x0000000084500000|  0%| F|  |TAMS 0x0000000084400000, 0x0000000084400000| Untracked 
|  69|0x0000000084500000, 0x0000000084500000, 0x0000000084600000|  0%| F|  |TAMS 0x0000000084500000, 0x0000000084500000| Untracked 
|  70|0x0000000084600000, 0x0000000084600000, 0x0000000084700000|  0%| F|  |TAMS 0x0000000084600000, 0x0000000084600000| Untracked 
|  71|0x0000000084700000, 0x0000000084700000, 0x0000000084800000|  0%| F|  |TAMS 0x0000000084700000, 0x0000000084700000| Untracked 
|  72|0x0000000084800000, 0x0000000084800000, 0x0000000084900000|  0%| F|  |TAMS 0x0000000084800000, 0x0000000084800000| Untracked 
|  73|0x0000000084900000, 0x0000000084900000, 0x0000000084a00000|  0%| F|  |TAMS 0x0000000084900000, 0x0000000084900000| Untracked 
|  74|0x0000000084a00000, 0x0000000084a00000, 0x0000000084b00000|  0%| F|  |TAMS 0x0000000084a00000, 0x0000000084a00000| Untracked 
|  75|0x0000000084b00000, 0x0000000084b00000, 0x0000000084c00000|  0%| F|  |TAMS 0x0000000084b00000, 0x0000000084b00000| Untracked 
|  76|0x0000000084c00000, 0x0000000084c00000, 0x0000000084d00000|  0%| F|  |TAMS 0x0000000084c00000, 0x0000000084c00000| Untracked 
|  77|0x0000000084d00000, 0x0000000084d00000, 0x0000000084e00000|  0%| F|  |TAMS 0x0000000084d00000, 0x0000000084d00000| Untracked 
|  78|0x0000000084e00000, 0x0000000084e00000, 0x0000000084f00000|  0%| F|  |TAMS 0x0000000084e00000, 0x0000000084e00000| Untracked 
|  79|0x0000000084f00000, 0x0000000084f00000, 0x0000000085000000|  0%| F|  |TAMS 0x0000000084f00000, 0x0000000084f00000| Untracked 
|  80|0x0000000085000000, 0x0000000085000000, 0x0000000085100000|  0%| F|  |TAMS 0x0000000085000000, 0x0000000085000000| Untracked 
|  81|0x0000000085100000, 0x0000000085100000, 0x0000000085200000|  0%| F|  |TAMS 0x0000000085100000, 0x0000000085100000| Untracked 
|  82|0x0000000085200000, 0x0000000085200000, 0x0000000085300000|  0%| F|  |TAMS 0x0000000085200000, 0x0000000085200000| Untracked 
|  83|0x0000000085300000, 0x0000000085300000, 0x0000000085400000|  0%| F|  |TAMS 0x0000000085300000, 0x0000000085300000| Untracked 
|  84|0x0000000085400000, 0x0000000085400000, 0x0000000085500000|  0%| F|  |TAMS 0x0000000085400000, 0x0000000085400000| Untracked 
|  85|0x0000000085500000, 0x0000000085500000, 0x0000000085600000|  0%| F|  |TAMS 0x0000000085500000, 0x0000000085500000| Untracked 
|  86|0x0000000085600000, 0x0000000085600000, 0x0000000085700000|  0%| F|  |TAMS 0x0000000085600000, 0x0000000085600000| Untracked 
|  87|0x0000000085700000, 0x0000000085700000, 0x0000000085800000|  0%| F|  |TAMS 0x0000000085700000, 0x0000000085700000| Untracked 
|  88|0x0000000085800000, 0x0000000085800000, 0x0000000085900000|  0%| F|  |TAMS 0x0000000085800000, 0x0000000085800000| Untracked 
|  89|0x0000000085900000, 0x0000000085900000, 0x0000000085a00000|  0%| F|  |TAMS 0x0000000085900000, 0x0000000085900000| Untracked 
|  90|0x0000000085a00000, 0x0000000085a00000, 0x0000000085b00000|  0%| F|  |TAMS 0x0000000085a00000, 0x0000000085a00000| Untracked 
|  91|0x0000000085b00000, 0x0000000085b00000, 0x0000000085c00000|  0%| F|  |TAMS 0x0000000085b00000, 0x0000000085b00000| Untracked 
|  92|0x0000000085c00000, 0x0000000085c00000, 0x0000000085d00000|  0%| F|  |TAMS 0x0000000085c00000, 0x0000000085c00000| Untracked 
|  93|0x0000000085d00000, 0x0000000085d00000, 0x0000000085e00000|  0%| F|  |TAMS 0x0000000085d00000, 0x0000000085d00000| Untracked 
|  94|0x0000000085e00000, 0x0000000085e00000, 0x0000000085f00000|  0%| F|  |TAMS 0x0000000085e00000, 0x0000000085e00000| Untracked 
|  95|0x0000000085f00000, 0x0000000085f00000, 0x0000000086000000|  0%| F|  |TAMS 0x0000000085f00000, 0x0000000085f00000| Untracked 
|  96|0x0000000086000000, 0x0000000086000000, 0x0000000086100000|  0%| F|  |TAMS 0x0000000086000000, 0x0000000086000000| Untracked 
|  97|0x0000000086100000, 0x0000000086100000, 0x0000000086200000|  0%| F|  |TAMS 0x0000000086100000, 0x0000000086100000| Untracked 
|  98|0x0000000086200000, 0x0000000086200000, 0x0000000086300000|  0%| F|  |TAMS 0x0000000086200000, 0x0000000086200000| Untracked 
|  99|0x0000000086300000, 0x0000000086300000, 0x0000000086400000|  0%| F|  |TAMS 0x0000000086300000, 0x0000000086300000| Untracked 
| 100|0x0000000086400000, 0x0000000086400000, 0x0000000086500000|  0%| F|  |TAMS 0x0000000086400000, 0x0000000086400000| Untracked 
| 101|0x0000000086500000, 0x0000000086500000, 0x0000000086600000|  0%| F|  |TAMS 0x0000000086500000, 0x0000000086500000| Untracked 
| 102|0x0000000086600000, 0x0000000086600000, 0x0000000086700000|  0%| F|  |TAMS 0x0000000086600000, 0x0000000086600000| Untracked 
| 103|0x0000000086700000, 0x0000000086780800, 0x0000000086800000| 50%| E|  |TAMS 0x0000000086700000, 0x0000000086700000| Complete 
| 104|0x0000000086800000, 0x0000000086900000, 0x0000000086900000|100%| E|CS|TAMS 0x0000000086800000, 0x0000000086800000| Complete 
| 105|0x0000000086900000, 0x0000000086a00000, 0x0000000086a00000|100%| E|CS|TAMS 0x0000000086900000, 0x0000000086900000| Complete 
| 106|0x0000000086a00000, 0x0000000086b00000, 0x0000000086b00000|100%| E|CS|TAMS 0x0000000086a00000, 0x0000000086a00000| Complete 
| 107|0x0000000086b00000, 0x0000000086c00000, 0x0000000086c00000|100%| E|CS|TAMS 0x0000000086b00000, 0x0000000086b00000| Complete 
| 108|0x0000000086c00000, 0x0000000086d00000, 0x0000000086d00000|100%| E|CS|TAMS 0x0000000086c00000, 0x0000000086c00000| Complete 
| 109|0x0000000086d00000, 0x0000000086e00000, 0x0000000086e00000|100%| E|CS|TAMS 0x0000000086d00000, 0x0000000086d00000| Complete 
| 110|0x0000000086e00000, 0x0000000086f00000, 0x0000000086f00000|100%| E|CS|TAMS 0x0000000086e00000, 0x0000000086e00000| Complete 
| 111|0x0000000086f00000, 0x0000000087000000, 0x0000000087000000|100%| E|CS|TAMS 0x0000000086f00000, 0x0000000086f00000| Complete 

Card table byte_map: [0x00000222f2a60000,0x00000222f2e60000] _byte_map_base: 0x00000222f2660000

Marking Bits (Prev, Next): (CMBitMap*) 0x00000222ee87f568, (CMBitMap*) 0x00000222ee87f5a0
 Prev Bits: [0x00000222f3260000, 0x00000222f5260000)
 Next Bits: [0x00000222f5260000, 0x00000222f7260000)

Polling page: 0x00000222ee020000

Metaspace:

Usage:
  Non-class:     37.47 MB capacity,    36.80 MB ( 98%) used,   587.95 KB (  2%) free+waste,    99.56 KB ( <1%) overhead. 
      Class:      5.72 MB capacity,     5.37 MB ( 94%) used,   310.89 KB (  5%) free+waste,    47.50 KB ( <1%) overhead. 
       Both:     43.19 MB capacity,    42.17 MB ( 98%) used,   898.84 KB (  2%) free+waste,   147.06 KB ( <1%) overhead. 

Virtual space:
  Non-class space:       38.00 MB reserved,      37.50 MB ( 99%) committed 
      Class space:        1.00 GB reserved,       5.75 MB ( <1%) committed 
             Both:        1.04 GB reserved,      43.25 MB (  4%) committed 

Chunk freelists:
   Non-Class:  33.00 KB
       Class:  31.00 KB
        Both:  64.00 KB

MaxMetaspaceSize: 17179869184.00 GB
CompressedClassSpaceSize: 1.00 GB

CodeHeap 'non-profiled nmethods': size=120000Kb used=1938Kb max_used=1938Kb free=118061Kb
 bounds [0x0000022287ad0000, 0x0000022287d40000, 0x000002228f000000]
CodeHeap 'profiled nmethods': size=120000Kb used=7965Kb max_used=7965Kb free=112035Kb
 bounds [0x00000222805a0000, 0x0000022280d70000, 0x0000022287ad0000]
CodeHeap 'non-nmethods': size=5760Kb used=2202Kb max_used=2243Kb free=3557Kb
 bounds [0x0000022280000000, 0x0000022280270000, 0x00000222805a0000]
 total_blobs=4491 nmethods=3724 adapters=678
 compilation: enabled
              stopped_count=0, restarted_count=0
 full_count=0

Compilation events (20 events):
Event: 9.501 Thread 0x00000222f9ccf000 3725   !   3       java.lang.reflect.Field::declaredAnnotations (82 bytes)
Event: 9.502 Thread 0x00000222f9ccf000 nmethod 3725 0x0000022280d62390 code [0x0000022280d625a0, 0x0000022280d62b48]
Event: 9.502 Thread 0x00000222f9ccf000 3726       3       org.objectweb.asm.ByteVector::enlarge (51 bytes)
Event: 9.503 Thread 0x00000222f9ccf000 nmethod 3726 0x0000022280d62e10 code [0x0000022280d62fe0, 0x0000022280d632e8]
Event: 9.503 Thread 0x00000222f9ccf000 3727       3       sun.reflect.generics.repository.ConstructorRepository::parse (6 bytes)
Event: 9.503 Thread 0x00000222f9ccf000 nmethod 3727 0x0000022280d63410 code [0x0000022280d63600, 0x0000022280d63a88]
Event: 9.503 Thread 0x00000222f9ccf000 3728       3       sun.reflect.generics.repository.ConstructorRepository::parse (8 bytes)
Event: 9.503 Thread 0x00000222f9ccf000 nmethod 3728 0x0000022280d63c10 code [0x0000022280d63e00, 0x0000022280d641a8]
Event: 9.503 Thread 0x00000222f9ccf000 3729       3       sun.reflect.generics.parser.SignatureParser::parseMethodSig (10 bytes)
Event: 9.503 Thread 0x00000222f9ccf000 nmethod 3729 0x0000022280d64310 code [0x0000022280d644e0, 0x0000022280d646c8]
Event: 9.503 Thread 0x00000222f9ccf000 3730       3       sun.reflect.generics.parser.SignatureParser::parseMethodTypeSignature (41 bytes)
Event: 9.504 Thread 0x00000222f9ccf000 nmethod 3730 0x0000022280d64790 code [0x0000022280d649e0, 0x0000022280d651c8]
Event: 9.509 Thread 0x00000222f9ccf000 3731       3       com.google.common.collect.RegularImmutableMap$EntrySet$1::size (8 bytes)
Event: 9.510 Thread 0x00000222f9ccf000 nmethod 3731 0x0000022280d65490 code [0x0000022280d65640, 0x0000022280d65758]
Event: 9.512 Thread 0x00000222f9ccf000 3732       3       com.google.common.cache.LocalCache::usesKeyReferences (16 bytes)
Event: 9.512 Thread 0x00000222f9ccf000 nmethod 3732 0x0000022280d65810 code [0x0000022280d659c0, 0x0000022280d65b38]
Event: 9.512 Thread 0x00000222f9ccf000 3733       3       com.google.common.cache.LocalCache::usesValueReferences (16 bytes)
Event: 9.512 Thread 0x00000222f9ccf000 nmethod 3733 0x0000022280d65c10 code [0x0000022280d65dc0, 0x0000022280d65f38]
Event: 9.517 Thread 0x00000222f9ccf000 3734       1       com.google.common.cache.LocalCache$2::peek (2 bytes)
Event: 9.518 Thread 0x00000222f9ccf000 nmethod 3734 0x0000022287cad190 code [0x0000022287cad340, 0x0000022287cad3f8]

GC Heap History (18 events):
Event: 1.521 GC heap before
{Heap before GC invocations=0 (full 0):
 garbage-first heap   total 114688K, used 29696K [0x0000000080000000, 0x0000000100000000)
  region size 1024K, 24 young (24576K), 0 survivors (0K)
 Metaspace       used 10215K, capacity 10437K, committed 10624K, reserved 1058816K
  class space    used 1064K, capacity 1139K, committed 1152K, reserved 1048576K
}
Event: 1.534 GC heap after
{Heap after GC invocations=1 (full 0):
 garbage-first heap   total 114688K, used 9203K [0x0000000080000000, 0x0000000100000000)
  region size 1024K, 3 young (3072K), 3 survivors (3072K)
 Metaspace       used 10215K, capacity 10437K, committed 10624K, reserved 1058816K
  class space    used 1064K, capacity 1139K, committed 1152K, reserved 1048576K
}
Event: 2.261 GC heap before
{Heap before GC invocations=1 (full 0):
 garbage-first heap   total 114688K, used 39923K [0x0000000080000000, 0x0000000100000000)
  region size 1024K, 32 young (32768K), 3 survivors (3072K)
 Metaspace       used 11157K, capacity 11454K, committed 11520K, reserved 1058816K
  class space    used 1166K, capacity 1243K, committed 1280K, reserved 1048576K
}
Event: 2.270 GC heap after
{Heap after GC invocations=2 (full 0):
 garbage-first heap   total 114688K, used 12463K [0x0000000080000000, 0x0000000100000000)
  region size 1024K, 3 young (3072K), 3 survivors (3072K)
 Metaspace       used 11157K, capacity 11454K, committed 11520K, reserved 1058816K
  class space    used 1166K, capacity 1243K, committed 1280K, reserved 1048576K
}
Event: 4.643 GC heap before
{Heap before GC invocations=2 (full 0):
 garbage-first heap   total 114688K, used 52399K [0x0000000080000000, 0x0000000100000000)
  region size 1024K, 43 young (44032K), 3 survivors (3072K)
 Metaspace       used 17686K, capacity 18141K, committed 18432K, reserved 1064960K
  class space    used 2074K, capacity 2208K, committed 2304K, reserved 1048576K
}
Event: 4.651 GC heap after
{Heap after GC invocations=3 (full 0):
 garbage-first heap   total 114688K, used 16234K [0x0000000080000000, 0x0000000100000000)
  region size 1024K, 6 young (6144K), 6 survivors (6144K)
 Metaspace       used 17686K, capacity 18141K, committed 18432K, reserved 1064960K
  class space    used 2074K, capacity 2208K, committed 2304K, reserved 1048576K
}
Event: 5.158 GC heap before
{Heap before GC invocations=3 (full 0):
 garbage-first heap   total 114688K, used 40810K [0x0000000080000000, 0x0000000100000000)
  region size 1024K, 32 young (32768K), 6 survivors (6144K)
 Metaspace       used 20602K, capacity 21109K, committed 21248K, reserved 1067008K
  class space    used 2513K, capacity 2692K, committed 2816K, reserved 1048576K
}
Event: 5.165 GC heap after
{Heap after GC invocations=4 (full 0):
 garbage-first heap   total 114688K, used 16873K [0x0000000080000000, 0x0000000100000000)
  region size 1024K, 5 young (5120K), 5 survivors (5120K)
 Metaspace       used 20602K, capacity 21109K, committed 21248K, reserved 1067008K
  class space    used 2513K, capacity 2692K, committed 2816K, reserved 1048576K
}
Event: 6.042 GC heap before
{Heap before GC invocations=5 (full 0):
 garbage-first heap   total 114688K, used 61929K [0x0000000080000000, 0x0000000100000000)
  region size 1024K, 49 young (50176K), 5 survivors (5120K)
 Metaspace       used 25305K, capacity 25917K, committed 26112K, reserved 1071104K
  class space    used 3280K, capacity 3490K, committed 3584K, reserved 1048576K
}
Event: 6.048 GC heap after
{Heap after GC invocations=6 (full 0):
 garbage-first heap   total 114688K, used 18708K [0x0000000080000000, 0x0000000100000000)
  region size 1024K, 3 young (3072K), 3 survivors (3072K)
 Metaspace       used 25305K, capacity 25917K, committed 26112K, reserved 1071104K
  class space    used 3280K, capacity 3490K, committed 3584K, reserved 1048576K
}
Event: 7.049 GC heap before
{Heap before GC invocations=6 (full 0):
 garbage-first heap   total 114688K, used 67860K [0x0000000080000000, 0x0000000100000000)
  region size 1024K, 51 young (52224K), 3 survivors (3072K)
 Metaspace       used 29949K, capacity 30664K, committed 30976K, reserved 1075200K
  class space    used 4009K, capacity 4244K, committed 4352K, reserved 1048576K
}
Event: 7.054 GC heap after
{Heap after GC invocations=7 (full 0):
 garbage-first heap   total 114688K, used 19950K [0x0000000080000000, 0x0000000100000000)
  region size 1024K, 4 young (4096K), 4 survivors (4096K)
 Metaspace       used 29949K, capacity 30664K, committed 30976K, reserved 1075200K
  class space    used 4009K, capacity 4244K, committed 4352K, reserved 1048576K
}
Event: 7.649 GC heap before
{Heap before GC invocations=7 (full 0):
 garbage-first heap   total 114688K, used 36334K [0x0000000080000000, 0x0000000100000000)
  region size 1024K, 21 young (21504K), 4 survivors (4096K)
 Metaspace       used 34967K, capacity 35747K, committed 35840K, reserved 1081344K
  class space    used 4536K, capacity 4834K, committed 4864K, reserved 1048576K
}
Event: 7.661 GC heap after
{Heap after GC invocations=8 (full 0):
 garbage-first heap   total 114688K, used 22806K [0x0000000080000000, 0x0000000100000000)
  region size 1024K, 6 young (6144K), 6 survivors (6144K)
 Metaspace       used 34967K, capacity 35747K, committed 35840K, reserved 1081344K
  class space    used 4536K, capacity 4834K, committed 4864K, reserved 1048576K
}
Event: 8.447 GC heap before
{Heap before GC invocations=9 (full 0):
 garbage-first heap   total 114688K, used 70934K [0x0000000080000000, 0x0000000100000000)
  region size 1024K, 50 young (51200K), 6 survivors (6144K)
 Metaspace       used 38479K, capacity 39428K, committed 39552K, reserved 1083392K
  class space    used 4906K, capacity 5245K, committed 5248K, reserved 1048576K
}
Event: 8.457 GC heap after
{Heap after GC invocations=10 (full 0):
 garbage-first heap   total 114688K, used 26287K [0x0000000080000000, 0x0000000100000000)
  region size 1024K, 7 young (7168K), 7 survivors (7168K)
 Metaspace       used 38479K, capacity 39428K, committed 39552K, reserved 1083392K
  class space    used 4906K, capacity 5245K, committed 5248K, reserved 1048576K
}
Event: 9.360 GC heap before
{Heap before GC invocations=10 (full 0):
 garbage-first heap   total 114688K, used 71343K [0x0000000080000000, 0x0000000100000000)
  region size 1024K, 51 young (52224K), 7 survivors (7168K)
 Metaspace       used 42519K, capacity 43451K, committed 43648K, reserved 1087488K
  class space    used 5391K, capacity 5748K, committed 5760K, reserved 1048576K
}
Event: 9.369 GC heap after
{Heap after GC invocations=11 (full 0):
 garbage-first heap   total 114688K, used 28045K [0x0000000080000000, 0x0000000100000000)
  region size 1024K, 3 young (3072K), 3 survivors (3072K)
 Metaspace       used 42519K, capacity 43451K, committed 43648K, reserved 1087488K
  class space    used 5391K, capacity 5748K, committed 5760K, reserved 1048576K
}

Deoptimization events (20 events):
Event: 9.103 Thread 0x00000222fcfad000 DEOPT PACKING pc=0x0000022287b0dd14 sp=0x000000df527f9410
Event: 9.103 Thread 0x00000222fcfad000 DEOPT UNPACKING pc=0x00000222800278af sp=0x000000df527f9350 mode 2
Event: 9.103 Thread 0x00000222fcfad000 Uncommon trap: trap_request=0xffffff4d fr.pc=0x0000022287c15638 relative=0x00000000000006d8
Event: 9.103 Thread 0x00000222fcfad000 Uncommon trap: reason=unstable_if action=reinterpret pc=0x0000022287c15638 method=java.util.HashMap.putVal(ILjava/lang/Object;Ljava/lang/Object;ZZ)Ljava/lang/Object; @ 85 c2
Event: 9.103 Thread 0x00000222fcfad000 DEOPT PACKING pc=0x0000022287c15638 sp=0x000000df527f9340
Event: 9.103 Thread 0x00000222fcfad000 DEOPT UNPACKING pc=0x00000222800278af sp=0x000000df527f92f8 mode 2
Event: 9.109 Thread 0x00000222fcfad000 Uncommon trap: trap_request=0xffffff4d fr.pc=0x0000022287c110f0 relative=0x0000000000000310
Event: 9.109 Thread 0x00000222fcfad000 Uncommon trap: reason=unstable_if action=reinterpret pc=0x0000022287c110f0 method=org.gradle.internal.reflect.PropertyAccessorType.isGetGetterName(Ljava/lang/String;)Z @ 14 c2
Event: 9.109 Thread 0x00000222fcfad000 DEOPT PACKING pc=0x0000022287c110f0 sp=0x000000df527f9cd0
Event: 9.109 Thread 0x00000222fcfad000 DEOPT UNPACKING pc=0x00000222800278af sp=0x000000df527f9c28 mode 2
Event: 9.152 Thread 0x00000222fcfad000 Uncommon trap: trap_request=0xffffff4d fr.pc=0x0000022287c0b288 relative=0x00000000000000e8
Event: 9.152 Thread 0x00000222fcfad000 Uncommon trap: reason=unstable_if action=reinterpret pc=0x0000022287c0b288 method=org.objectweb.asm.ByteVector.putShort(I)Lorg/objectweb/asm/ByteVector; @ 13 c2
Event: 9.152 Thread 0x00000222fcfad000 DEOPT PACKING pc=0x0000022287c0b288 sp=0x000000df527f9890
Event: 9.152 Thread 0x00000222fcfad000 DEOPT UNPACKING pc=0x00000222800278af sp=0x000000df527f9828 mode 2
Event: 9.284 Thread 0x00000222fcfad000 DEOPT PACKING pc=0x0000022280a53211 sp=0x000000df527fab10
Event: 9.284 Thread 0x00000222fcfad000 DEOPT UNPACKING pc=0x00000222800276ce sp=0x000000df527f9ff0 mode 0
Event: 9.338 Thread 0x00000222fcfad000 Uncommon trap: trap_request=0xffffff4d fr.pc=0x0000022287c75dcc relative=0x0000000000005aec
Event: 9.338 Thread 0x00000222fcfad000 Uncommon trap: reason=unstable_if action=reinterpret pc=0x0000022287c75dcc method=java.net.URLClassLoader.defineClass(Ljava/lang/String;Ljdk/internal/loader/Resource;)Ljava/lang/Class; @ 21 c2
Event: 9.338 Thread 0x00000222fcfad000 DEOPT PACKING pc=0x0000022287c75dcc sp=0x000000df527f90f0
Event: 9.338 Thread 0x00000222fcfad000 DEOPT UNPACKING pc=0x00000222800278af sp=0x000000df527f9040 mode 2

Classes redefined (0 events):
No events

Internal exceptions (20 events):
Event: 8.566 Thread 0x00000222fcfad000 Exception <a 'java/lang/ClassNotFoundException'{0x00000000868a0310}: org/gradle/api/internal/DefaultNamedDomainObjectListCustomizer> (0x00000000868a0310) thrown at [./src/hotspot/share/classfile/systemDictionary.cpp, line 231]
Event: 8.569 Thread 0x00000222fcfad000 Exception <a 'java/lang/ClassNotFoundException'{0x00000000868f4e68}: org/gradle/api/internal/artifacts/DefaultArtifactRepositoryContainerCustomizer> (0x00000000868f4e68) thrown at [./src/hotspot/share/classfile/systemDictionary.cpp, line 231]
Event: 8.574 Thread 0x00000222fcfad000 Exception <a 'java/lang/ClassNotFoundException'{0x000000008673f538}: org/gradle/api/internal/artifacts/dsl/DefaultRepositoryHandlerCustomizer> (0x000000008673f538) thrown at [./src/hotspot/share/classfile/systemDictionary.cpp, line 231]
Event: 8.578 Thread 0x00000222fcfad000 Exception <a 'java/lang/ClassNotFoundException'{0x000000008679cb80}: org/gradle/api/internal/artifacts/dsl/DefaultRepositoryHandler_DecoratedCustomizer> (0x000000008679cb80) thrown at [./src/hotspot/share/classfile/systemDictionary.cpp, line 231]
Event: 8.669 Thread 0x00000222fcfad000 Exception <a 'java/lang/ClassNotFoundException'{0x000000008629be48}: org/gradle/initialization/DefaultProjectDescriptorBeanInfo> (0x000000008629be48) thrown at [./src/hotspot/share/classfile/systemDictionary.cpp, line 231]
Event: 8.670 Thread 0x00000222fcfad000 Exception <a 'java/lang/ClassNotFoundException'{0x00000000862c0f80}: org/gradle/initialization/DefaultProjectDescriptorCustomizer> (0x00000000862c0f80) thrown at [./src/hotspot/share/classfile/systemDictionary.cpp, line 231]
Event: 8.675 Thread 0x00000222fcfad000 Implicit null exception at 0x0000022287c19d6c to 0x0000022287c19e14
Event: 8.876 Thread 0x00000222fbc7b000 Exception <a 'java/lang/NoSuchMethodError'{0x0000000086f91bc8}: <clinit>> (0x0000000086f91bc8) thrown at [./src/hotspot/share/prims/jni.cpp, line 1362]
Event: 8.876 Thread 0x00000222fbc7b000 Exception <a 'java/lang/NoSuchMethodError'{0x0000000086f931b8}: <clinit>> (0x0000000086f931b8) thrown at [./src/hotspot/share/prims/jni.cpp, line 1362]
Event: 8.878 Thread 0x00000222fbc7b000 Exception <a 'java/lang/NoSuchMethodError'{0x000000008571e3e0}: <clinit>> (0x000000008571e3e0) thrown at [./src/hotspot/share/prims/jni.cpp, line 1362]
Event: 8.878 Thread 0x00000222fbc7b000 Exception <a 'java/lang/NoSuchMethodError'{0x00000000857a0488}: <clinit>> (0x00000000857a0488) thrown at [./src/hotspot/share/prims/jni.cpp, line 1362]
Event: 8.880 Thread 0x00000222fbc7b000 Exception <a 'java/lang/NoSuchMethodError'{0x00000000857af860}: <clinit>> (0x00000000857af860) thrown at [./src/hotspot/share/prims/jni.cpp, line 1362]
Event: 9.103 Thread 0x00000222fcfad000 Implicit null exception at 0x0000022287bcd374 to 0x0000022287bcd584
Event: 9.103 Thread 0x00000222fcfad000 Implicit null exception at 0x0000022287b0dc78 to 0x0000022287b0dd0a
Event: 9.348 Thread 0x00000222fcfad000 Exception <a 'java/lang/ClassNotFoundException'{0x0000000084487018}: build_aqymxjh5bcbscfa9od7g5lgkkBeanInfo> (0x0000000084487018) thrown at [./src/hotspot/share/classfile/systemDictionary.cpp, line 231]
Event: 9.348 Thread 0x00000222fcfad000 Exception <a 'java/lang/ClassNotFoundException'{0x000000008449ce60}: org/gradle/api/internal/project/ProjectScriptBeanInfo> (0x000000008449ce60) thrown at [./src/hotspot/share/classfile/systemDictionary.cpp, line 231]
Event: 9.349 Thread 0x00000222fcfad000 Exception <a 'java/lang/ClassNotFoundException'{0x00000000844b2e78}: org/gradle/api/internal/project/ProjectScriptCustomizer> (0x00000000844b2e78) thrown at [./src/hotspot/share/classfile/systemDictionary.cpp, line 231]
Event: 9.351 Thread 0x00000222fcfad000 Exception <a 'java/lang/ClassNotFoundException'{0x00000000844ce068}: build_aqymxjh5bcbscfa9od7g5lgkkCustomizer> (0x00000000844ce068) thrown at [./src/hotspot/share/classfile/systemDictionary.cpp, line 231]
Event: 9.380 Thread 0x00000222fcfad000 Exception <a 'java/lang/ClassNotFoundException'{0x0000000086f606c8}: org/gradle/api/internal/initialization/DefaultScriptHandlerBeanInfo> (0x0000000086f606c8) thrown at [./src/hotspot/share/classfile/systemDictionary.cpp, line 231]
Event: 9.383 Thread 0x00000222fcfad000 Exception <a 'java/lang/ClassNotFoundException'{0x0000000086f94a88}: org/gradle/api/internal/initialization/DefaultScriptHandlerCustomizer> (0x0000000086f94a88) thrown at [./src/hotspot/share/classfile/systemDictionary.cpp, line 231]

Events (20 events):
Event: 9.520 loading class org/gradle/api/internal/notations/DependencyNotationParser
Event: 9.520 loading class org/gradle/api/internal/notations/DependencyNotationParser done
Event: 9.522 loading class org/gradle/api/internal/artifacts/dependencies/DefaultExternalModuleDependency
Event: 9.522 loading class org/gradle/api/internal/artifacts/dependencies/DefaultExternalModuleDependency done
Event: 9.523 loading class org/gradle/api/artifacts/ExternalModuleDependency
Event: 9.523 loading class org/gradle/api/artifacts/ExternalModuleDependency done
Event: 9.523 loading class org/gradle/api/artifacts/ExternalDependency
Event: 9.523 loading class org/gradle/api/artifacts/ExternalDependency done
Event: 9.524 loading class org/gradle/api/internal/artifacts/dependencies/AbstractExternalModuleDependency
Event: 9.524 loading class org/gradle/api/internal/artifacts/dependencies/AbstractExternalModuleDependency done
Event: 9.526 loading class org/gradle/api/internal/artifacts/dependencies/AbstractModuleDependency
Event: 9.526 loading class org/gradle/api/internal/artifacts/dependencies/AbstractModuleDependency done
Event: 9.527 loading class org/gradle/api/internal/artifacts/dependencies/AbstractDependency
Event: 9.527 loading class org/gradle/api/internal/artifacts/dependencies/AbstractDependency done
Event: 9.528 loading class org/gradle/api/internal/artifacts/ResolvableDependency
Event: 9.528 loading class org/gradle/api/internal/artifacts/ResolvableDependency done
Event: 9.531 loading class org/gradle/api/artifacts/MinimalExternalModuleDependency
Event: 9.531 loading class org/gradle/api/artifacts/MinimalExternalModuleDependency done
Event: 9.532 loading class org/gradle/api/internal/notations/DependencyNotationParser$MinimalExternalDependencyNotationConverter
Event: 9.532 loading class org/gradle/api/internal/notations/DependencyNotationParser$MinimalExternalDependencyNotationConverter done


Dynamic libraries:
0x00007ff619a60000 - 0x00007ff619a6a000 	D:\Program Files\Android\Android Studio\jre\bin\java.exe
0x00007ff84cc30000 - 0x00007ff84ce25000 	C:\WINDOWS\SYSTEM32\ntdll.dll
0x00007ff84c350000 - 0x00007ff84c40d000 	C:\WINDOWS\System32\KERNEL32.DLL
0x00007ff84a800000 - 0x00007ff84aac9000 	C:\WINDOWS\System32\KERNELBASE.dll
0x00007ff84a4c0000 - 0x00007ff84a5c0000 	C:\WINDOWS\System32\ucrtbase.dll
0x00007ff818d40000 - 0x00007ff818d57000 	D:\Program Files\Android\Android Studio\jre\bin\VCRUNTIME140.dll
0x00007ff81b870000 - 0x00007ff81b889000 	D:\Program Files\Android\Android Studio\jre\bin\jli.dll
0x00007ff84b580000 - 0x00007ff84b720000 	C:\WINDOWS\System32\USER32.dll
0x00007ff82f470000 - 0x00007ff82f70a000 	C:\WINDOWS\WinSxS\amd64_microsoft.windows.common-controls_6595b64144ccf1df_6.0.19041.1110_none_60b5254171f9507e\COMCTL32.dll
0x00007ff84a710000 - 0x00007ff84a732000 	C:\WINDOWS\System32\win32u.dll
0x00007ff84b4e0000 - 0x00007ff84b57e000 	C:\WINDOWS\System32\msvcrt.dll
0x00007ff84b990000 - 0x00007ff84b9ba000 	C:\WINDOWS\System32\GDI32.dll
0x00007ff84ab20000 - 0x00007ff84ac2b000 	C:\WINDOWS\System32\gdi32full.dll
0x00007ff84a670000 - 0x00007ff84a70d000 	C:\WINDOWS\System32\msvcp_win.dll
0x00007ff84aff0000 - 0x00007ff84b020000 	C:\WINDOWS\System32\IMM32.DLL
0x00007ff80d480000 - 0x00007ff80d51d000 	D:\Program Files\Android\Android Studio\jre\bin\msvcp140.dll
0x00007ff8063f0000 - 0x00007ff806ebf000 	D:\Program Files\Android\Android Studio\jre\bin\server\jvm.dll
0x00007ff84ca30000 - 0x00007ff84cadc000 	C:\WINDOWS\System32\ADVAPI32.dll
0x00007ff84b440000 - 0x00007ff84b4db000 	C:\WINDOWS\System32\sechost.dll
0x00007ff84c890000 - 0x00007ff84c9ba000 	C:\WINDOWS\System32\RPCRT4.dll
0x00007ff84cbe0000 - 0x00007ff84cbe8000 	C:\WINDOWS\System32\PSAPI.DLL
0x00007ff8458a0000 - 0x00007ff8458c7000 	C:\WINDOWS\SYSTEM32\WINMM.dll
0x00007ff840310000 - 0x00007ff84031a000 	C:\WINDOWS\SYSTEM32\VERSION.dll
0x00007ff8377a0000 - 0x00007ff8377a9000 	C:\WINDOWS\SYSTEM32\WSOCK32.dll
0x00007ff84cae0000 - 0x00007ff84cb4b000 	C:\WINDOWS\System32\ws2_32.DLL
0x00007ff848c20000 - 0x00007ff848c32000 	C:\WINDOWS\SYSTEM32\kernel.appcore.dll
0x00007ff845840000 - 0x00007ff845851000 	D:\Program Files\Android\Android Studio\jre\bin\verify.dll
0x00007ff848240000 - 0x00007ff848424000 	C:\WINDOWS\SYSTEM32\DBGHELP.DLL
0x00007ff8382a0000 - 0x00007ff8382cc000 	C:\WINDOWS\SYSTEM32\dbgcore.DLL
0x00007ff84a770000 - 0x00007ff84a7f3000 	C:\WINDOWS\System32\bcryptPrimitives.dll
0x00007ff842a70000 - 0x00007ff842a99000 	D:\Program Files\Android\Android Studio\jre\bin\java.dll
0x00007ff8472e0000 - 0x00007ff8472eb000 	D:\Program Files\Android\Android Studio\jre\bin\jimage.dll
0x00007ff843c10000 - 0x00007ff843c28000 	D:\Program Files\Android\Android Studio\jre\bin\zip.dll
0x00007ff84bc10000 - 0x00007ff84c34f000 	C:\WINDOWS\System32\SHELL32.dll
0x00007ff848450000 - 0x00007ff848be0000 	C:\WINDOWS\SYSTEM32\windows.storage.dll
0x00007ff84ac90000 - 0x00007ff84afe5000 	C:\WINDOWS\System32\combase.dll
0x00007ff849cf0000 - 0x00007ff849d1c000 	C:\WINDOWS\SYSTEM32\Wldp.dll
0x00007ff84baf0000 - 0x00007ff84bb9e000 	C:\WINDOWS\System32\SHCORE.dll
0x00007ff84c9d0000 - 0x00007ff84ca25000 	C:\WINDOWS\System32\shlwapi.dll
0x00007ff84a2a0000 - 0x00007ff84a2bf000 	C:\WINDOWS\SYSTEM32\profapi.dll
0x00007ff843a90000 - 0x00007ff843aaa000 	D:\Program Files\Android\Android Studio\jre\bin\net.dll
0x00007ff8403a0000 - 0x00007ff8404a8000 	C:\WINDOWS\SYSTEM32\WINHTTP.dll
0x00007ff849a50000 - 0x00007ff849aba000 	C:\WINDOWS\system32\mswsock.dll
0x00007ff843910000 - 0x00007ff843924000 	D:\Program Files\Android\Android Studio\jre\bin\nio.dll
0x00007ff82e7b0000 - 0x00007ff82e7d7000 	C:\Users\ntart\.gradle\native\8bec1ad78214c89d9ad589b4d07fe93259594b29d510b10fafb7a158f7737e5d\windows-amd64\native-platform.dll
0x00007ff819030000 - 0x00007ff81916d000 	C:\Users\ntart\.gradle\native\53dbd7edfb1c66fb8903c78663c9afc45aea4f116125fa6feffd364cf09443e8\windows-amd64\native-platform-file-events.dll
0x00007ff845880000 - 0x00007ff84588a000 	D:\Program Files\Android\Android Studio\jre\bin\management.dll
0x00007ff845780000 - 0x00007ff84578c000 	D:\Program Files\Android\Android Studio\jre\bin\management_ext.dll
0x00007ff849c40000 - 0x00007ff849c58000 	C:\WINDOWS\SYSTEM32\CRYPTSP.dll
0x00007ff8493d0000 - 0x00007ff849404000 	C:\WINDOWS\system32\rsaenh.dll
0x00007ff84a740000 - 0x00007ff84a767000 	C:\WINDOWS\System32\bcrypt.dll
0x00007ff84a220000 - 0x00007ff84a24e000 	C:\WINDOWS\SYSTEM32\USERENV.dll
0x00007ff849c60000 - 0x00007ff849c6c000 	C:\WINDOWS\SYSTEM32\CRYPTBASE.dll
0x00007ff849740000 - 0x00007ff84977b000 	C:\WINDOWS\SYSTEM32\IPHLPAPI.DLL
0x00007ff84c9c0000 - 0x00007ff84c9c8000 	C:\WINDOWS\System32\NSI.dll
0x00007ff841ab0000 - 0x00007ff841ac7000 	C:\WINDOWS\SYSTEM32\dhcpcsvc6.DLL
0x00007ff841a90000 - 0x00007ff841aad000 	C:\WINDOWS\SYSTEM32\dhcpcsvc.DLL
0x00007ff849780000 - 0x00007ff84984c000 	C:\WINDOWS\SYSTEM32\DNSAPI.dll

dbghelp: loaded successfully - version: 4.0.5 - missing functions: none
symbol engine: initialized successfully - sym options: 0x614 - pdb path: .;D:\Program Files\Android\Android Studio\jre\bin;C:\WINDOWS\SYSTEM32;C:\WINDOWS\WinSxS\amd64_microsoft.windows.common-controls_6595b64144ccf1df_6.0.19041.1110_none_60b5254171f9507e;D:\Program Files\Android\Android Studio\jre\bin\server;C:\Users\ntart\.gradle\native\8bec1ad78214c89d9ad589b4d07fe93259594b29d510b10fafb7a158f7737e5d\windows-amd64;C:\Users\ntart\.gradle\native\53dbd7edfb1c66fb8903c78663c9afc45aea4f116125fa6feffd364cf09443e8\windows-amd64

VM Arguments:
jvm_args: --add-opens=java.base/java.util=ALL-UNNAMED --add-opens=java.base/java.lang=ALL-UNNAMED --add-opens=java.base/java.lang.invoke=ALL-UNNAMED --add-opens=java.base/java.util=ALL-UNNAMED --add-opens=java.prefs/java.util.prefs=ALL-UNNAMED --add-opens=java.prefs/java.util.prefs=ALL-UNNAMED --add-opens=java.base/java.nio.charset=ALL-UNNAMED --add-opens=java.base/java.net=ALL-UNNAMED --add-opens=java.base/java.util.concurrent.atomic=ALL-UNNAMED -Xmx2048m -Dfile.encoding=UTF-8 -Duser.country=RU -Duser.language=ru -Duser.variant 
java_command: org.gradle.launcher.daemon.bootstrap.GradleDaemon 7.0.2
java_class_path (initial): C:\Users\ntart\.gradle\wrapper\dists\gradle-7.0.2-bin\857tjihv64xamwrf0h14cai3r\gradle-7.0.2\lib\gradle-launcher-7.0.2.jar
Launcher Type: SUN_STANDARD

[Global flags]
     intx CICompilerCount                          = 4                                         {product} {ergonomic}
     uint ConcGCThreads                            = 2                                         {product} {ergonomic}
     uint G1ConcRefinementThreads                  = 8                                         {product} {ergonomic}
   size_t G1HeapRegionSize                         = 1048576                                   {product} {ergonomic}
    uintx GCDrainStackTargetSize                   = 64                                        {product} {ergonomic}
   size_t InitialHeapSize                          = 117440512                                 {product} {ergonomic}
   size_t MarkStackSize                            = 4194304                                   {product} {ergonomic}
   size_t MaxHeapSize                              = 2147483648                                {product} {command line}
   size_t MaxNewSize                               = 1287651328                                {product} {ergonomic}
   size_t MinHeapDeltaBytes                        = 1048576                                   {product} {ergonomic}
    uintx NonNMethodCodeHeapSize                   = 5836300                                {pd product} {ergonomic}
    uintx NonProfiledCodeHeapSize                  = 122910970                              {pd product} {ergonomic}
    uintx ProfiledCodeHeapSize                     = 122910970                              {pd product} {ergonomic}
    uintx ReservedCodeCacheSize                    = 251658240                              {pd product} {ergonomic}
     bool SegmentedCodeCache                       = true                                      {product} {ergonomic}
     bool UseCompressedClassPointers               = true                                 {lp64_product} {ergonomic}
     bool UseCompressedOops                        = true                                 {lp64_product} {ergonomic}
     bool UseG1GC                                  = true                                      {product} {ergonomic}
     bool UseLargePagesIndividualAllocation        = false                                  {pd product} {ergonomic}

Logging:
Log output configuration:
 #0: stdout all=warning uptime,level,tags
 #1: stderr all=off uptime,level,tags

Environment Variables:
PATH=D:\oraclexe\app\oracle\product\11.2.0\server\bin;;C:\WINDOWS\system32;C:\WINDOWS;C:\WINDOWS\System32\Wbem;C:\WINDOWS\System32\WindowsPowerShell\v1.0\;C:\WINDOWS\System32\OpenSSH\;C:\Program Files\Microsoft SQL Server\130\Tools\Binn\;C:\Program Files\Microsoft SQL Server\Client SDK\ODBC\170\Tools\Binn\;C:\Program Files\dotnet\;D:\Python\Scripts\;D:\Python\;C:\Users\ntart\AppData\Local\Microsoft\WindowsApps;D:\Program Files\JetBrains\PyCharm Community Edition 2021.1.1\bin;;C:\Users\ntart\AppData\Local\GitHubDesktop\bin;C:\Users\ntart\.dotnet\tools
USERNAME=ntart
OS=Windows_NT
PROCESSOR_IDENTIFIER=AMD64 Family 23 Model 24 Stepping 1, AuthenticAMD



---------------  S Y S T E M  ---------------

OS: Windows 10 , 64 bit Build 19041 (10.0.19041.1151)
OS uptime: 2 days 3:15 hours

CPU:total 8 (initial active 8) (8 cores per cpu, 2 threads per core) family 23 model 24 stepping 1 microcode 0x0, cmov, cx8, fxsr, mmx, sse, sse2, sse3, ssse3, sse4.1, sse4.2, popcnt, avx, avx2, aes, clmul, mmxext, 3dnowpref, lzcnt, sse4a, ht, tsc, tscinvbit, tscinv, bmi1, bmi2, adx, s

Memory: 4k page, system-wide physical 7103M (366M free)
TotalPageFile size 17343M (AvailPageFile size 4M)
current process WorkingSet (physical memory assigned to process): 249M, peak: 249M
current process commit charge ("private bytes"): 313M, peak: 315M

vm_info: OpenJDK 64-Bit Server VM (11.0.10+0-b96-7249189) for windows-amd64 JRE (11.0.10+0-b96-7249189), built on Mar 31 2021 21:44:00 by "builder" with MS VC++ 14.0 (VS2015)

END.
